<?xml version="1.0" encoding="UTF-8"?>
<!--

    This file is part of SAMM.

    SAMM is free software: you can redistribute it and/or modify
    it under the terms of the GNU General Public License as published by
    the Free Software Foundation, either version 3 of the License, or
    (at your option) any later version.

    SAMM is distributed in the hope that it will be useful,
    but WITHOUT ANY WARRANTY; without even the implied warranty of
    MERCHANTABILITY or FITNESS FOR A PARTICULAR PURPOSE.  See the
    GNU General Public License for more details.

    You should have received a copy of the GNU General Public License
    along with SAMM.  If not, see <http://www.gnu.org/licenses/>.

-->

<beans xmlns="http://www.springframework.org/schema/beans"
       xmlns:xsi="http://www.w3.org/2001/XMLSchema-instance"
       xmlns:util="http://www.springframework.org/schema/util"
       xsi:schemaLocation="
	  http://www.springframework.org/schema/beans
	  http://www.springframework.org/schema/beans/spring-beans.xsd
	  http://www.springframework.org/schema/util
	  http://www.springframework.org/schema/util/spring-util-2.0.xsd
	 ">

    <util:properties id="jmxMappings" location="classpath:jmxadapter.testmappings.properties"/>

	<bean id="jmxAdapterConfigurator" class="pl.edu.agh.samm.tadapter.jmx.JMXAdapterConfigurator"
		init-method="init">
        <property name="defaultMappings" ref="jmxMappings" />
	</bean>

</beans>
